<?xml version="1.0" encoding="UTF-8" standalone="no"?><testsuite errors="1" failures="0" name="CP01 Realizar pago exitoso" skipped="0" tests="1" time="10.72" timestamp="2023-11-16 01:03:04"><testcase name="Realizar pago exitoso"><error message="Could not instantiate class org.openqa.selenium.firefox.FirefoxDriver" type="net.thucydides.core.webdriver.DriverConfigurationError">Could not instantiate class org.openqa.selenium.firefox.FirefoxDriver</error><system-err>Could not instantiate class org.openqa.selenium.firefox.FirefoxDriver&#13;
com.wompi.co.utils.website.WebSite.navigateTo(WebSite.java:15)&#13;
com.wompi.co.definitions.TransferenciaDef.userNavigateTo(TransferenciaDef.java:21)&#13;
io.cucumber.java.Invoker.doInvoke(Invoker.java:66)&#13;
io.cucumber.java.Invoker.invoke(Invoker.java:24)&#13;
io.cucumber.java.AbstractGlueDefinition.invokeMethod(AbstractGlueDefinition.java:47)&#13;
io.cucumber.java.JavaStepDefinition.execute(JavaStepDefinition.java:29)&#13;
io.cucumber.core.runner.CoreStepDefinition.execute(CoreStepDefinition.java:66)&#13;
io.cucumber.core.runner.PickleStepDefinitionMatch.runStep(PickleStepDefinitionMatch.java:63)&#13;
io.cucumber.core.runner.TestStep.executeStep(TestStep.java:84)&#13;
io.cucumber.core.runner.TestStep.run(TestStep.java:56)&#13;
io.cucumber.core.runner.PickleStepTestStep.run(PickleStepTestStep.java:51)&#13;
io.cucumber.core.runner.TestCase.run(TestCase.java:84)&#13;
io.cucumber.core.runner.Runner.runPickle(Runner.java:75)&#13;
io.cucumber.core.runtime.CucumberExecutionContext.lambda$runTestCase$5(CucumberExecutionContext.java:137)&#13;
io.cucumber.core.runtime.RethrowingThrowableCollector.executeAndThrow(RethrowingThrowableCollector.java:23)&#13;
io.cucumber.core.runtime.CucumberExecutionContext.runTestCase(CucumberExecutionContext.java:137)&#13;
io.cucumber.junit.FeatureRunner.runChild(FeatureRunner.java:144)&#13;
io.cucumber.junit.FeatureRunner.runChild(FeatureRunner.java:28)&#13;
io.cucumber.junit.FeatureRunner.run(FeatureRunner.java:137)&#13;
io.cucumber.junit.CucumberSerenityBaseRunner.runChild(CucumberSerenityBaseRunner.java:330)&#13;
io.cucumber.junit.CucumberSerenityBaseRunner.runChild(CucumberSerenityBaseRunner.java:51)&#13;
</system-err></testcase></testsuite>